DEBUG Id: 14, U: 99GU6879 - 01-08-2017 09:05:34:0772 com.windthunderstudio.scmanager.gui.elements.LayerWorkspace : <init>                        : Entering creating LayerWorkspace...
DEBUG Id: 14, U: 99GU6879 - 01-08-2017 09:05:35:0479 com.windthunderstudio.scmanager.gui.elements.LayerWorkspace : <init>                        : Exiting creating LayerWorkspace...
DEBUG Id: 14, U: 99GU6879 - 01-08-2017 09:05:35:0479 com.windthunderstudio.scmanager.gui.elements.LayerFileTrees : <init>                        : Entering creating LayerFileTrees...
DEBUG Id: 14, U: 99GU6879 - 01-08-2017 09:05:35:0517 com.windthunderstudio.scmanager.gui.elements.LayerFileTrees : <init>                        : Exiting creating LayerFileTrees...
ERROR Id: 14, U: 99GU6879 - 01-08-2017 09:05:38:0257 com.windthunderstudio.scmanager.util.ReflectionUIHandler    : getAndSetProperty             : The component of type class com.windthunderstudio.scmanager.gui.elements.JFileChooserSystemLAF has no value defined for the property TextKey
ERROR Id: 14, U: 99GU6879 - 01-08-2017 09:05:38:0257 com.windthunderstudio.scmanager.util.ReflectionUIHandler    : getAndSetProperty             : Unknown error when getting and setting property: 
java.lang.NullPointerException: null
	at com.windthunderstudio.scmanager.util.ReflectionUIHandler.getAndSetProperty(ReflectionUIHandler.java:102) [classes/:?]
	at com.windthunderstudio.scmanager.gui.elements.PlainMenuBar$3.actionPerformed(PlainMenuBar.java:102) [classes/:?]
	at javax.swing.AbstractButton.fireActionPerformed(AbstractButton.java:2022) [?:1.8.0_111]
	at javax.swing.AbstractButton$Handler.actionPerformed(AbstractButton.java:2348) [?:1.8.0_111]
	at javax.swing.DefaultButtonModel.fireActionPerformed(DefaultButtonModel.java:402) [?:1.8.0_111]
	at javax.swing.DefaultButtonModel.setPressed(DefaultButtonModel.java:259) [?:1.8.0_111]
	at javax.swing.AbstractButton.doClick(AbstractButton.java:376) [?:1.8.0_111]
	at javax.swing.plaf.basic.BasicMenuItemUI.doClick(BasicMenuItemUI.java:833) [?:1.8.0_111]
	at javax.swing.plaf.basic.BasicMenuItemUI$Handler.mouseReleased(BasicMenuItemUI.java:877) [?:1.8.0_111]
	at java.awt.Component.processMouseEvent(Component.java:6533) [?:1.8.0_111]
	at javax.swing.JComponent.processMouseEvent(JComponent.java:3324) [?:1.8.0_111]
	at java.awt.Component.processEvent(Component.java:6298) [?:1.8.0_111]
	at java.awt.Container.processEvent(Container.java:2236) [?:1.8.0_111]
	at java.awt.Component.dispatchEventImpl(Component.java:4889) [?:1.8.0_111]
	at java.awt.Container.dispatchEventImpl(Container.java:2294) [?:1.8.0_111]
	at java.awt.Component.dispatchEvent(Component.java:4711) [?:1.8.0_111]
	at java.awt.LightweightDispatcher.retargetMouseEvent(Container.java:4888) [?:1.8.0_111]
	at java.awt.LightweightDispatcher.processMouseEvent(Container.java:4525) [?:1.8.0_111]
	at java.awt.LightweightDispatcher.dispatchEvent(Container.java:4466) [?:1.8.0_111]
	at java.awt.Container.dispatchEventImpl(Container.java:2280) [?:1.8.0_111]
	at java.awt.Window.dispatchEventImpl(Window.java:2746) [?:1.8.0_111]
	at java.awt.Component.dispatchEvent(Component.java:4711) [?:1.8.0_111]
	at java.awt.EventQueue.dispatchEventImpl(EventQueue.java:758) [?:1.8.0_111]
	at java.awt.EventQueue.access$500(EventQueue.java:97) [?:1.8.0_111]
	at java.awt.EventQueue$3.run(EventQueue.java:709) [?:1.8.0_111]
	at java.awt.EventQueue$3.run(EventQueue.java:703) [?:1.8.0_111]
	at java.security.AccessController.doPrivileged(Native Method) ~[?:1.8.0_111]
	at java.security.ProtectionDomain$JavaSecurityAccessImpl.doIntersectionPrivilege(ProtectionDomain.java:76) [?:1.8.0_111]
	at java.security.ProtectionDomain$JavaSecurityAccessImpl.doIntersectionPrivilege(ProtectionDomain.java:86) [?:1.8.0_111]
	at java.awt.EventQueue$4.run(EventQueue.java:731) [?:1.8.0_111]
	at java.awt.EventQueue$4.run(EventQueue.java:729) [?:1.8.0_111]
	at java.security.AccessController.doPrivileged(Native Method) ~[?:1.8.0_111]
	at java.security.ProtectionDomain$JavaSecurityAccessImpl.doIntersectionPrivilege(ProtectionDomain.java:76) [?:1.8.0_111]
	at java.awt.EventQueue.dispatchEvent(EventQueue.java:728) [?:1.8.0_111]
	at java.awt.EventDispatchThread.pumpOneEventForFilters(EventDispatchThread.java:201) [?:1.8.0_111]
	at java.awt.EventDispatchThread.pumpEventsForFilter(EventDispatchThread.java:116) [?:1.8.0_111]
	at java.awt.EventDispatchThread.pumpEventsForHierarchy(EventDispatchThread.java:105) [?:1.8.0_111]
	at java.awt.EventDispatchThread.pumpEvents(EventDispatchThread.java:101) [?:1.8.0_111]
	at java.awt.EventDispatchThread.pumpEvents(EventDispatchThread.java:93) [?:1.8.0_111]
	at java.awt.EventDispatchThread.run(EventDispatchThread.java:82) [?:1.8.0_111]
